{"/home/thefryingpan/Github/anniediscord/src/config/commands.js": {"path":"/home/thefryingpan/Github/anniediscord/src/config/commands.js","statementMap":{"0":{"start":{"line":1,"column":13},"end":{"line":1,"column":15}},"1":{"start":{"line":7,"column":0},"end":{"line":7,"column":19}},"2":{"start":{"line":9,"column":0},"end":{"line":9,"column":23}}},"fnMap":{},"branchMap":{},"s":{"0":1,"1":1,"2":1},"f":{},"b":{},"_coverageSchema":"1a1c01bbd47fc00a2c39e90264f33305004495a9","hash":"f0d5f12d6be69080da1177d4a46cc93373615673"}
,"/home/thefryingpan/Github/anniediscord/src/config/permissions.js": {"path":"/home/thefryingpan/Github/anniediscord/src/config/permissions.js","statementMap":{"0":{"start":{"line":1,"column":0},"end":{"line":33,"column":1}}},"fnMap":{},"branchMap":{},"s":{"0":1},"f":{},"b":{},"_coverageSchema":"1a1c01bbd47fc00a2c39e90264f33305004495a9","hash":"8338eb0d98625c7a0b7c170585cff1ee811683d8"}
,"/home/thefryingpan/Github/anniediscord/src/controllers/autoResponder.js": {"path":"/home/thefryingpan/Github/anniediscord/src/controllers/autoResponder.js","statementMap":{"0":{"start":{"line":7,"column":0},"end":{"line":27,"column":1}},"1":{"start":{"line":9,"column":16},"end":{"line":9,"column":81}},"2":{"start":{"line":10,"column":4},"end":{"line":10,"column":31}},"3":{"start":{"line":10,"column":25},"end":{"line":10,"column":31}},"4":{"start":{"line":12,"column":21},"end":{"line":12,"column":69}},"5":{"start":{"line":12,"column":38},"end":{"line":12,"column":68}},"6":{"start":{"line":13,"column":4},"end":{"line":13,"column":36}},"7":{"start":{"line":13,"column":30},"end":{"line":13,"column":36}},"8":{"start":{"line":15,"column":32},"end":{"line":15,"column":43}},"9":{"start":{"line":16,"column":21},"end":{"line":16,"column":23}},"10":{"start":{"line":17,"column":25},"end":{"line":17,"column":58}},"11":{"start":{"line":18,"column":4},"end":{"line":22,"column":5}},"12":{"start":{"line":19,"column":31},"end":{"line":19,"column":65}},"13":{"start":{"line":20,"column":21},"end":{"line":20,"column":70}},"14":{"start":{"line":21,"column":8},"end":{"line":21,"column":28}},"15":{"start":{"line":21,"column":22},"end":{"line":21,"column":28}},"16":{"start":{"line":23,"column":4},"end":{"line":23,"column":50}},"17":{"start":{"line":25,"column":4},"end":{"line":26,"column":18}},"18":{"start":{"line":26,"column":16},"end":{"line":26,"column":17}}},"fnMap":{"0":{"name":"(anonymous_0)","decl":{"start":{"line":7,"column":17},"end":{"line":7,"column":18}},"loc":{"start":{"line":7,"column":44},"end":{"line":27,"column":1}},"line":7},"1":{"name":"(anonymous_1)","decl":{"start":{"line":12,"column":32},"end":{"line":12,"column":33}},"loc":{"start":{"line":12,"column":38},"end":{"line":12,"column":68}},"line":12},"2":{"name":"(anonymous_2)","decl":{"start":{"line":26,"column":11},"end":{"line":26,"column":12}},"loc":{"start":{"line":26,"column":16},"end":{"line":26,"column":17}},"line":26}},"branchMap":{"0":{"loc":{"start":{"line":10,"column":4},"end":{"line":10,"column":31}},"type":"if","locations":[{"start":{"line":10,"column":4},"end":{"line":10,"column":31}},{"start":{},"end":{}}],"line":10},"1":{"loc":{"start":{"line":13,"column":4},"end":{"line":13,"column":36}},"type":"if","locations":[{"start":{"line":13,"column":4},"end":{"line":13,"column":36}},{"start":{},"end":{}}],"line":13},"2":{"loc":{"start":{"line":18,"column":4},"end":{"line":22,"column":5}},"type":"if","locations":[{"start":{"line":18,"column":4},"end":{"line":22,"column":5}},{"start":{},"end":{}}],"line":18},"3":{"loc":{"start":{"line":21,"column":8},"end":{"line":21,"column":28}},"type":"if","locations":[{"start":{"line":21,"column":8},"end":{"line":21,"column":28}},{"start":{},"end":{}}],"line":21}},"s":{"0":1,"1":0,"2":0,"3":0,"4":0,"5":0,"6":0,"7":0,"8":0,"9":0,"10":0,"11":0,"12":0,"13":0,"14":0,"15":0,"16":0,"17":0,"18":0},"f":{"0":0,"1":0,"2":0},"b":{"0":[0,0],"1":[0,0],"2":[0,0],"3":[0,0]},"_coverageSchema":"1a1c01bbd47fc00a2c39e90264f33305004495a9","hash":"f77a0d3a95762fac5628fe1ef92da589dfd839c3"}
,"/home/thefryingpan/Github/anniediscord/src/controllers/commands.js": {"path":"/home/thefryingpan/Github/anniediscord/src/controllers/commands.js","statementMap":{"0":{"start":{"line":1,"column":30},"end":{"line":1,"column":71}},"1":{"start":{"line":2,"column":29},"end":{"line":2,"column":61}},"2":{"start":{"line":3,"column":21},"end":{"line":3,"column":50}},"3":{"start":{"line":4,"column":26},"end":{"line":4,"column":56}},"4":{"start":{"line":5,"column":24},"end":{"line":5,"column":58}},"5":{"start":{"line":6,"column":19},"end":{"line":6,"column":54}},"6":{"start":{"line":7,"column":19},"end":{"line":7,"column":52}},"7":{"start":{"line":16,"column":0},"end":{"line":151,"column":1}},"8":{"start":{"line":17,"column":24},"end":{"line":17,"column":65}},"9":{"start":{"line":18,"column":19},"end":{"line":18,"column":88}},"10":{"start":{"line":19,"column":26},"end":{"line":19,"column":90}},"11":{"start":{"line":20,"column":18},"end":{"line":20,"column":62}},"12":{"start":{"line":22,"column":4},"end":{"line":22,"column":24}},"13":{"start":{"line":22,"column":18},"end":{"line":22,"column":24}},"14":{"start":{"line":23,"column":4},"end":{"line":23,"column":85}},"15":{"start":{"line":23,"column":79},"end":{"line":23,"column":85}},"16":{"start":{"line":25,"column":16},"end":{"line":25,"column":79}},"17":{"start":{"line":27,"column":4},"end":{"line":27,"column":117}},"18":{"start":{"line":27,"column":111},"end":{"line":27,"column":117}},"19":{"start":{"line":29,"column":21},"end":{"line":29,"column":79}},"20":{"start":{"line":31,"column":4},"end":{"line":31,"column":44}},"21":{"start":{"line":32,"column":19},"end":{"line":32,"column":63}},"22":{"start":{"line":32,"column":28},"end":{"line":32,"column":63}},"23":{"start":{"line":33,"column":18},"end":{"line":33,"column":61}},"24":{"start":{"line":36,"column":20},"end":{"line":36,"column":25}},"25":{"start":{"line":37,"column":4},"end":{"line":48,"column":5}},"26":{"start":{"line":38,"column":8},"end":{"line":40,"column":9}},"27":{"start":{"line":39,"column":12},"end":{"line":39,"column":63}},"28":{"start":{"line":41,"column":8},"end":{"line":41,"column":83}},"29":{"start":{"line":41,"column":24},"end":{"line":41,"column":83}},"30":{"start":{"line":43,"column":30},"end":{"line":43,"column":70}},"31":{"start":{"line":45,"column":8},"end":{"line":45,"column":33}},"32":{"start":{"line":45,"column":27},"end":{"line":45,"column":33}},"33":{"start":{"line":46,"column":8},"end":{"line":46,"column":245}},"34":{"start":{"line":46,"column":179},"end":{"line":46,"column":244}},"35":{"start":{"line":52,"column":28},"end":{"line":52,"column":79}},"36":{"start":{"line":53,"column":4},"end":{"line":65,"column":5}},"37":{"start":{"line":54,"column":8},"end":{"line":64,"column":9}},"38":{"start":{"line":55,"column":12},"end":{"line":61,"column":14}},"39":{"start":{"line":62,"column":12},"end":{"line":63,"column":30}},"40":{"start":{"line":63,"column":28},"end":{"line":63,"column":29}},"41":{"start":{"line":67,"column":27},"end":{"line":67,"column":72}},"42":{"start":{"line":68,"column":4},"end":{"line":75,"column":5}},"43":{"start":{"line":68,"column":56},"end":{"line":75,"column":5}},"44":{"start":{"line":77,"column":23},"end":{"line":77,"column":99}},"45":{"start":{"line":78,"column":4},"end":{"line":88,"column":5}},"46":{"start":{"line":79,"column":29},"end":{"line":79,"column":61}},"47":{"start":{"line":80,"column":21},"end":{"line":80,"column":68}},"48":{"start":{"line":81,"column":8},"end":{"line":87,"column":10}},"49":{"start":{"line":81,"column":22},"end":{"line":87,"column":10}},"50":{"start":{"line":89,"column":4},"end":{"line":89,"column":48}},"51":{"start":{"line":91,"column":4},"end":{"line":98,"column":5}},"52":{"start":{"line":92,"column":8},"end":{"line":97,"column":10}},"53":{"start":{"line":93,"column":34},"end":{"line":93,"column":74}},"54":{"start":{"line":95,"column":12},"end":{"line":95,"column":37}},"55":{"start":{"line":95,"column":31},"end":{"line":95,"column":37}},"56":{"start":{"line":96,"column":12},"end":{"line":96,"column":41}},"57":{"start":{"line":99,"column":4},"end":{"line":150,"column":5}},"58":{"start":{"line":100,"column":25},"end":{"line":100,"column":41}},"59":{"start":{"line":101,"column":8},"end":{"line":108,"column":9}},"60":{"start":{"line":110,"column":8},"end":{"line":110,"column":22}},"61":{"start":{"line":111,"column":8},"end":{"line":116,"column":10}},"62":{"start":{"line":119,"column":8},"end":{"line":119,"column":30}},"63":{"start":{"line":120,"column":30},"end":{"line":120,"column":70}},"64":{"start":{"line":122,"column":8},"end":{"line":122,"column":96}},"65":{"start":{"line":122,"column":27},"end":{"line":122,"column":96}},"66":{"start":{"line":123,"column":8},"end":{"line":128,"column":90}},"67":{"start":{"line":123,"column":24},"end":{"line":128,"column":90}},"68":{"start":{"line":128,"column":24},"end":{"line":128,"column":89}},"69":{"start":{"line":130,"column":8},"end":{"line":146,"column":9}},"70":{"start":{"line":131,"column":12},"end":{"line":135,"column":124}},"71":{"start":{"line":135,"column":28},"end":{"line":135,"column":123}},"72":{"start":{"line":138,"column":13},"end":{"line":146,"column":9}},"73":{"start":{"line":139,"column":12},"end":{"line":143,"column":121}},"74":{"start":{"line":143,"column":28},"end":{"line":143,"column":120}},"75":{"start":{"line":145,"column":12},"end":{"line":145,"column":220}},"76":{"start":{"line":145,"column":132},"end":{"line":145,"column":219}},"77":{"start":{"line":148,"column":8},"end":{"line":148,"column":33}},"78":{"start":{"line":148,"column":27},"end":{"line":148,"column":33}},"79":{"start":{"line":149,"column":8},"end":{"line":149,"column":325}},"80":{"start":{"line":149,"column":259},"end":{"line":149,"column":324}}},"fnMap":{"0":{"name":"(anonymous_0)","decl":{"start":{"line":16,"column":17},"end":{"line":16,"column":18}},"loc":{"start":{"line":16,"column":54},"end":{"line":151,"column":1}},"line":16},"1":{"name":"(anonymous_1)","decl":{"start":{"line":32,"column":19},"end":{"line":32,"column":20}},"loc":{"start":{"line":32,"column":28},"end":{"line":32,"column":63}},"line":32},"2":{"name":"(anonymous_2)","decl":{"start":{"line":46,"column":172},"end":{"line":46,"column":173}},"loc":{"start":{"line":46,"column":179},"end":{"line":46,"column":244}},"line":46},"3":{"name":"(anonymous_3)","decl":{"start":{"line":63,"column":23},"end":{"line":63,"column":24}},"loc":{"start":{"line":63,"column":28},"end":{"line":63,"column":29}},"line":63},"4":{"name":"(anonymous_4)","decl":{"start":{"line":92,"column":78},"end":{"line":92,"column":79}},"loc":{"start":{"line":92,"column":83},"end":{"line":97,"column":9}},"line":92},"5":{"name":"(anonymous_5)","decl":{"start":{"line":128,"column":17},"end":{"line":128,"column":18}},"loc":{"start":{"line":128,"column":24},"end":{"line":128,"column":89}},"line":128},"6":{"name":"(anonymous_6)","decl":{"start":{"line":135,"column":21},"end":{"line":135,"column":22}},"loc":{"start":{"line":135,"column":28},"end":{"line":135,"column":123}},"line":135},"7":{"name":"(anonymous_7)","decl":{"start":{"line":143,"column":21},"end":{"line":143,"column":22}},"loc":{"start":{"line":143,"column":28},"end":{"line":143,"column":120}},"line":143},"8":{"name":"(anonymous_8)","decl":{"start":{"line":145,"column":125},"end":{"line":145,"column":126}},"loc":{"start":{"line":145,"column":132},"end":{"line":145,"column":219}},"line":145},"9":{"name":"(anonymous_9)","decl":{"start":{"line":149,"column":252},"end":{"line":149,"column":253}},"loc":{"start":{"line":149,"column":259},"end":{"line":149,"column":324}},"line":149}},"branchMap":{"0":{"loc":{"start":{"line":16,"column":24},"end":{"line":16,"column":35}},"type":"default-arg","locations":[{"start":{"line":16,"column":33},"end":{"line":16,"column":35}}],"line":16},"1":{"loc":{"start":{"line":16,"column":37},"end":{"line":16,"column":49}},"type":"default-arg","locations":[{"start":{"line":16,"column":47},"end":{"line":16,"column":49}}],"line":16},"2":{"loc":{"start":{"line":18,"column":19},"end":{"line":18,"column":88}},"type":"cond-expr","locations":[{"start":{"line":18,"column":61},"end":{"line":18,"column":72}},{"start":{"line":18,"column":75},"end":{"line":18,"column":88}}],"line":18},"3":{"loc":{"start":{"line":22,"column":4},"end":{"line":22,"column":24}},"type":"if","locations":[{"start":{"line":22,"column":4},"end":{"line":22,"column":24}},{"start":{},"end":{}}],"line":22},"4":{"loc":{"start":{"line":23,"column":4},"end":{"line":23,"column":85}},"type":"if","locations":[{"start":{"line":23,"column":4},"end":{"line":23,"column":85}},{"start":{},"end":{}}],"line":23},"5":{"loc":{"start":{"line":23,"column":8},"end":{"line":23,"column":77}},"type":"binary-expr","locations":[{"start":{"line":23,"column":8},"end":{"line":23,"column":31}},{"start":{"line":23,"column":35},"end":{"line":23,"column":77}}],"line":23},"6":{"loc":{"start":{"line":27,"column":4},"end":{"line":27,"column":117}},"type":"if","locations":[{"start":{"line":27,"column":4},"end":{"line":27,"column":117}},{"start":{},"end":{}}],"line":27},"7":{"loc":{"start":{"line":27,"column":8},"end":{"line":27,"column":109}},"type":"binary-expr","locations":[{"start":{"line":27,"column":8},"end":{"line":27,"column":49}},{"start":{"line":27,"column":54},"end":{"line":27,"column":83}},{"start":{"line":27,"column":88},"end":{"line":27,"column":109}}],"line":27},"8":{"loc":{"start":{"line":38,"column":8},"end":{"line":40,"column":9}},"type":"if","locations":[{"start":{"line":38,"column":8},"end":{"line":40,"column":9}},{"start":{},"end":{}}],"line":38},"9":{"loc":{"start":{"line":41,"column":8},"end":{"line":41,"column":83}},"type":"if","locations":[{"start":{"line":41,"column":8},"end":{"line":41,"column":83}},{"start":{},"end":{}}],"line":41},"10":{"loc":{"start":{"line":45,"column":8},"end":{"line":45,"column":33}},"type":"if","locations":[{"start":{"line":45,"column":8},"end":{"line":45,"column":33}},{"start":{},"end":{}}],"line":45},"11":{"loc":{"start":{"line":53,"column":4},"end":{"line":65,"column":5}},"type":"if","locations":[{"start":{"line":53,"column":4},"end":{"line":65,"column":5}},{"start":{},"end":{}}],"line":53},"12":{"loc":{"start":{"line":53,"column":8},"end":{"line":53,"column":78}},"type":"binary-expr","locations":[{"start":{"line":53,"column":9},"end":{"line":53,"column":35}},{"start":{"line":53,"column":40},"end":{"line":53,"column":78}}],"line":53},"13":{"loc":{"start":{"line":54,"column":8},"end":{"line":64,"column":9}},"type":"if","locations":[{"start":{"line":54,"column":8},"end":{"line":64,"column":9}},{"start":{},"end":{}}],"line":54},"14":{"loc":{"start":{"line":68,"column":4},"end":{"line":75,"column":5}},"type":"if","locations":[{"start":{"line":68,"column":4},"end":{"line":75,"column":5}},{"start":{},"end":{}}],"line":68},"15":{"loc":{"start":{"line":78,"column":4},"end":{"line":88,"column":5}},"type":"if","locations":[{"start":{"line":78,"column":4},"end":{"line":88,"column":5}},{"start":{},"end":{}}],"line":78},"16":{"loc":{"start":{"line":81,"column":8},"end":{"line":87,"column":10}},"type":"if","locations":[{"start":{"line":81,"column":8},"end":{"line":87,"column":10}},{"start":{},"end":{}}],"line":81},"17":{"loc":{"start":{"line":91,"column":4},"end":{"line":98,"column":5}},"type":"if","locations":[{"start":{"line":91,"column":4},"end":{"line":98,"column":5}},{"start":{},"end":{}}],"line":91},"18":{"loc":{"start":{"line":95,"column":12},"end":{"line":95,"column":37}},"type":"if","locations":[{"start":{"line":95,"column":12},"end":{"line":95,"column":37}},{"start":{},"end":{}}],"line":95},"19":{"loc":{"start":{"line":122,"column":8},"end":{"line":122,"column":96}},"type":"if","locations":[{"start":{"line":122,"column":8},"end":{"line":122,"column":96}},{"start":{},"end":{}}],"line":122},"20":{"loc":{"start":{"line":123,"column":8},"end":{"line":128,"column":90}},"type":"if","locations":[{"start":{"line":123,"column":8},"end":{"line":128,"column":90}},{"start":{},"end":{}}],"line":123},"21":{"loc":{"start":{"line":130,"column":8},"end":{"line":146,"column":9}},"type":"if","locations":[{"start":{"line":130,"column":8},"end":{"line":146,"column":9}},{"start":{"line":138,"column":13},"end":{"line":146,"column":9}}],"line":130},"22":{"loc":{"start":{"line":138,"column":13},"end":{"line":146,"column":9}},"type":"if","locations":[{"start":{"line":138,"column":13},"end":{"line":146,"column":9}},{"start":{"line":144,"column":15},"end":{"line":146,"column":9}}],"line":138},"23":{"loc":{"start":{"line":138,"column":17},"end":{"line":138,"column":50}},"type":"binary-expr","locations":[{"start":{"line":138,"column":17},"end":{"line":138,"column":33}},{"start":{"line":138,"column":37},"end":{"line":138,"column":50}}],"line":138},"24":{"loc":{"start":{"line":148,"column":8},"end":{"line":148,"column":33}},"type":"if","locations":[{"start":{"line":148,"column":8},"end":{"line":148,"column":33}},{"start":{},"end":{}}],"line":148}},"s":{"0":1,"1":1,"2":1,"3":1,"4":1,"5":1,"6":1,"7":1,"8":0,"9":0,"10":0,"11":0,"12":0,"13":0,"14":0,"15":0,"16":0,"17":0,"18":0,"19":0,"20":0,"21":0,"22":0,"23":0,"24":0,"25":0,"26":0,"27":0,"28":0,"29":0,"30":0,"31":0,"32":0,"33":0,"34":0,"35":0,"36":0,"37":0,"38":0,"39":0,"40":0,"41":0,"42":0,"43":0,"44":0,"45":0,"46":0,"47":0,"48":0,"49":0,"50":0,"51":0,"52":0,"53":0,"54":0,"55":0,"56":0,"57":0,"58":0,"59":0,"60":0,"61":0,"62":0,"63":0,"64":0,"65":0,"66":0,"67":0,"68":0,"69":0,"70":0,"71":0,"72":0,"73":0,"74":0,"75":0,"76":0,"77":0,"78":0,"79":0,"80":0},"f":{"0":0,"1":0,"2":0,"3":0,"4":0,"5":0,"6":0,"7":0,"8":0,"9":0},"b":{"0":[0],"1":[0],"2":[0,0],"3":[0,0],"4":[0,0],"5":[0,0],"6":[0,0],"7":[0,0,0],"8":[0,0],"9":[0,0],"10":[0,0],"11":[0,0],"12":[0,0],"13":[0,0],"14":[0,0],"15":[0,0],"16":[0,0],"17":[0,0],"18":[0,0],"19":[0,0],"20":[0,0],"21":[0,0],"22":[0,0],"23":[0,0],"24":[0,0]},"_coverageSchema":"1a1c01bbd47fc00a2c39e90264f33305004495a9","hash":"ba1e380e67129b155fa3f90bfedc7695e44fdfdf"}
,"/home/thefryingpan/Github/anniediscord/src/events/messageCreate.js": {"path":"/home/thefryingpan/Github/anniediscord/src/events/messageCreate.js","statementMap":{"0":{"start":{"line":1,"column":32},"end":{"line":1,"column":71}},"1":{"start":{"line":2,"column":25},"end":{"line":2,"column":61}},"2":{"start":{"line":3,"column":26},"end":{"line":3,"column":60}},"3":{"start":{"line":4,"column":20},"end":{"line":4,"column":41}},"4":{"start":{"line":15,"column":23},"end":{"line":83,"column":1}},"5":{"start":{"line":16,"column":4},"end":{"line":16,"column":33}},"6":{"start":{"line":16,"column":27},"end":{"line":16,"column":33}},"7":{"start":{"line":18,"column":4},"end":{"line":18,"column":34}},"8":{"start":{"line":18,"column":28},"end":{"line":18,"column":34}},"9":{"start":{"line":20,"column":4},"end":{"line":20,"column":43}},"10":{"start":{"line":20,"column":37},"end":{"line":20,"column":43}},"11":{"start":{"line":22,"column":4},"end":{"line":22,"column":38}},"12":{"start":{"line":22,"column":32},"end":{"line":22,"column":38}},"13":{"start":{"line":23,"column":4},"end":{"line":82,"column":10}},"14":{"start":{"line":25,"column":12},"end":{"line":25,"column":67}},"15":{"start":{"line":28,"column":27},"end":{"line":28,"column":68}},"16":{"start":{"line":29,"column":12},"end":{"line":40,"column":13}},"17":{"start":{"line":31,"column":37},"end":{"line":31,"column":70}},"18":{"start":{"line":32,"column":16},"end":{"line":39,"column":22}},"19":{"start":{"line":34,"column":24},"end":{"line":34,"column":39}},"20":{"start":{"line":34,"column":33},"end":{"line":34,"column":39}},"21":{"start":{"line":35,"column":24},"end":{"line":35,"column":87}},"22":{"start":{"line":36,"column":24},"end":{"line":38,"column":26}},"23":{"start":{"line":42,"column":12},"end":{"line":42,"column":102}},"24":{"start":{"line":42,"column":62},"end":{"line":42,"column":102}},"25":{"start":{"line":44,"column":12},"end":{"line":45,"column":157}},"26":{"start":{"line":45,"column":116},"end":{"line":45,"column":157}},"27":{"start":{"line":47,"column":29},"end":{"line":47,"column":31}},"28":{"start":{"line":48,"column":30},"end":{"line":48,"column":79}},"29":{"start":{"line":49,"column":12},"end":{"line":54,"column":13}},"30":{"start":{"line":50,"column":37},"end":{"line":50,"column":68}},"31":{"start":{"line":51,"column":29},"end":{"line":51,"column":76}},"32":{"start":{"line":53,"column":16},"end":{"line":53,"column":36}},"33":{"start":{"line":53,"column":30},"end":{"line":53,"column":36}},"34":{"start":{"line":55,"column":12},"end":{"line":55,"column":55}},"35":{"start":{"line":56,"column":37},"end":{"line":56,"column":85}},"36":{"start":{"line":57,"column":12},"end":{"line":66,"column":18}},"37":{"start":{"line":59,"column":58},"end":{"line":59,"column":124}},"38":{"start":{"line":59,"column":102},"end":{"line":59,"column":119}},"39":{"start":{"line":60,"column":20},"end":{"line":65,"column":22}},"40":{"start":{"line":67,"column":12},"end":{"line":67,"column":70}},"41":{"start":{"line":67,"column":64},"end":{"line":67,"column":70}},"42":{"start":{"line":68,"column":32},"end":{"line":68,"column":75}},"43":{"start":{"line":71,"column":29},"end":{"line":71,"column":87}},"44":{"start":{"line":73,"column":12},"end":{"line":73,"column":52}},"45":{"start":{"line":74,"column":27},"end":{"line":74,"column":71}},"46":{"start":{"line":74,"column":36},"end":{"line":74,"column":71}},"47":{"start":{"line":76,"column":12},"end":{"line":81,"column":18}},"48":{"start":{"line":78,"column":53},"end":{"line":78,"column":119}},"49":{"start":{"line":78,"column":97},"end":{"line":78,"column":114}},"50":{"start":{"line":79,"column":20},"end":{"line":80,"column":90}},"51":{"start":{"line":84,"column":0},"end":{"line":84,"column":35}}},"fnMap":{"0":{"name":"(anonymous_0)","decl":{"start":{"line":15,"column":23},"end":{"line":15,"column":24}},"loc":{"start":{"line":15,"column":44},"end":{"line":83,"column":1}},"line":15},"1":{"name":"(anonymous_1)","decl":{"start":{"line":24,"column":14},"end":{"line":24,"column":15}},"loc":{"start":{"line":24,"column":26},"end":{"line":82,"column":9}},"line":24},"2":{"name":"(anonymous_2)","decl":{"start":{"line":33,"column":26},"end":{"line":33,"column":27}},"loc":{"start":{"line":33,"column":33},"end":{"line":39,"column":21}},"line":33},"3":{"name":"(anonymous_3)","decl":{"start":{"line":58,"column":22},"end":{"line":58,"column":23}},"loc":{"start":{"line":58,"column":30},"end":{"line":66,"column":17}},"line":58},"4":{"name":"(anonymous_4)","decl":{"start":{"line":59,"column":92},"end":{"line":59,"column":93}},"loc":{"start":{"line":59,"column":102},"end":{"line":59,"column":119}},"line":59},"5":{"name":"(anonymous_5)","decl":{"start":{"line":74,"column":27},"end":{"line":74,"column":28}},"loc":{"start":{"line":74,"column":36},"end":{"line":74,"column":71}},"line":74},"6":{"name":"(anonymous_6)","decl":{"start":{"line":77,"column":22},"end":{"line":77,"column":23}},"loc":{"start":{"line":77,"column":30},"end":{"line":81,"column":17}},"line":77},"7":{"name":"(anonymous_7)","decl":{"start":{"line":78,"column":87},"end":{"line":78,"column":88}},"loc":{"start":{"line":78,"column":97},"end":{"line":78,"column":114}},"line":78}},"branchMap":{"0":{"loc":{"start":{"line":16,"column":4},"end":{"line":16,"column":33}},"type":"if","locations":[{"start":{"line":16,"column":4},"end":{"line":16,"column":33}},{"start":{},"end":{}}],"line":16},"1":{"loc":{"start":{"line":18,"column":4},"end":{"line":18,"column":34}},"type":"if","locations":[{"start":{"line":18,"column":4},"end":{"line":18,"column":34}},{"start":{},"end":{}}],"line":18},"2":{"loc":{"start":{"line":20,"column":4},"end":{"line":20,"column":43}},"type":"if","locations":[{"start":{"line":20,"column":4},"end":{"line":20,"column":43}},{"start":{},"end":{}}],"line":20},"3":{"loc":{"start":{"line":22,"column":4},"end":{"line":22,"column":38}},"type":"if","locations":[{"start":{"line":22,"column":4},"end":{"line":22,"column":38}},{"start":{},"end":{}}],"line":22},"4":{"loc":{"start":{"line":29,"column":12},"end":{"line":40,"column":13}},"type":"if","locations":[{"start":{"line":29,"column":12},"end":{"line":40,"column":13}},{"start":{},"end":{}}],"line":29},"5":{"loc":{"start":{"line":29,"column":16},"end":{"line":29,"column":123}},"type":"binary-expr","locations":[{"start":{"line":29,"column":16},"end":{"line":29,"column":58}},{"start":{"line":29,"column":62},"end":{"line":29,"column":123}}],"line":29},"6":{"loc":{"start":{"line":34,"column":24},"end":{"line":34,"column":39}},"type":"if","locations":[{"start":{"line":34,"column":24},"end":{"line":34,"column":39}},{"start":{},"end":{}}],"line":34},"7":{"loc":{"start":{"line":42,"column":12},"end":{"line":42,"column":102}},"type":"if","locations":[{"start":{"line":42,"column":12},"end":{"line":42,"column":102}},{"start":{},"end":{}}],"line":42},"8":{"loc":{"start":{"line":44,"column":12},"end":{"line":45,"column":157}},"type":"if","locations":[{"start":{"line":44,"column":12},"end":{"line":45,"column":157}},{"start":{},"end":{}}],"line":44},"9":{"loc":{"start":{"line":44,"column":16},"end":{"line":45,"column":114}},"type":"binary-expr","locations":[{"start":{"line":44,"column":17},"end":{"line":44,"column":51}},{"start":{"line":44,"column":55},"end":{"line":44,"column":96}},{"start":{"line":45,"column":21},"end":{"line":45,"column":60}},{"start":{"line":45,"column":66},"end":{"line":45,"column":112}}],"line":44},"10":{"loc":{"start":{"line":49,"column":12},"end":{"line":54,"column":13}},"type":"if","locations":[{"start":{"line":49,"column":12},"end":{"line":54,"column":13}},{"start":{},"end":{}}],"line":49},"11":{"loc":{"start":{"line":53,"column":16},"end":{"line":53,"column":36}},"type":"if","locations":[{"start":{"line":53,"column":16},"end":{"line":53,"column":36}},{"start":{},"end":{}}],"line":53},"12":{"loc":{"start":{"line":59,"column":58},"end":{"line":59,"column":124}},"type":"cond-expr","locations":[{"start":{"line":59,"column":76},"end":{"line":59,"column":120}},{"start":{"line":59,"column":123},"end":{"line":59,"column":124}}],"line":59},"13":{"loc":{"start":{"line":67,"column":12},"end":{"line":67,"column":70}},"type":"if","locations":[{"start":{"line":67,"column":12},"end":{"line":67,"column":70}},{"start":{},"end":{}}],"line":67},"14":{"loc":{"start":{"line":78,"column":53},"end":{"line":78,"column":119}},"type":"cond-expr","locations":[{"start":{"line":78,"column":71},"end":{"line":78,"column":115}},{"start":{"line":78,"column":118},"end":{"line":78,"column":119}}],"line":78}},"s":{"0":1,"1":1,"2":1,"3":1,"4":1,"5":3,"6":3,"7":0,"8":0,"9":0,"10":0,"11":0,"12":0,"13":0,"14":0,"15":0,"16":0,"17":0,"18":0,"19":0,"20":0,"21":0,"22":0,"23":0,"24":0,"25":0,"26":0,"27":0,"28":0,"29":0,"30":0,"31":0,"32":0,"33":0,"34":0,"35":0,"36":0,"37":0,"38":0,"39":0,"40":0,"41":0,"42":0,"43":0,"44":0,"45":0,"46":0,"47":0,"48":0,"49":0,"50":0,"51":1},"f":{"0":3,"1":0,"2":0,"3":0,"4":0,"5":0,"6":0,"7":0},"b":{"0":[3,0],"1":[0,0],"2":[0,0],"3":[0,0],"4":[0,0],"5":[0,0],"6":[0,0],"7":[0,0],"8":[0,0],"9":[0,0,0,0],"10":[0,0],"11":[0,0],"12":[0,0],"13":[0,0],"14":[0,0]},"_coverageSchema":"1a1c01bbd47fc00a2c39e90264f33305004495a9","hash":"887764e2c89002e8fb2e56242e88d261f13704a5"}
,"/home/thefryingpan/Github/anniediscord/src/libs/permissions.js": {"path":"/home/thefryingpan/Github/anniediscord/src/libs/permissions.js","statementMap":{"0":{"start":{"line":7,"column":0},"end":{"line":49,"column":1}},"1":{"start":{"line":9,"column":4},"end":{"line":14,"column":5}},"2":{"start":{"line":9,"column":71},"end":{"line":14,"column":5}},"3":{"start":{"line":15,"column":31},"end":{"line":19,"column":5}},"4":{"start":{"line":20,"column":4},"end":{"line":20,"column":43}},"5":{"start":{"line":20,"column":18},"end":{"line":20,"column":43}},"6":{"start":{"line":22,"column":4},"end":{"line":24,"column":5}},"7":{"start":{"line":23,"column":8},"end":{"line":23,"column":68}},"8":{"start":{"line":23,"column":43},"end":{"line":23,"column":68}},"9":{"start":{"line":25,"column":19},"end":{"line":25,"column":44}},"10":{"start":{"line":27,"column":4},"end":{"line":33,"column":5}},"11":{"start":{"line":28,"column":8},"end":{"line":32,"column":9}},"12":{"start":{"line":28,"column":46},"end":{"line":32,"column":9}},"13":{"start":{"line":34,"column":4},"end":{"line":34,"column":98}},"14":{"start":{"line":34,"column":73},"end":{"line":34,"column":98}},"15":{"start":{"line":36,"column":4},"end":{"line":40,"column":5}},"16":{"start":{"line":36,"column":49},"end":{"line":40,"column":5}},"17":{"start":{"line":42,"column":4},"end":{"line":46,"column":5}},"18":{"start":{"line":42,"column":47},"end":{"line":46,"column":5}},"19":{"start":{"line":48,"column":4},"end":{"line":48,"column":29}}},"fnMap":{"0":{"name":"(anonymous_0)","decl":{"start":{"line":7,"column":17},"end":{"line":7,"column":18}},"loc":{"start":{"line":7,"column":48},"end":{"line":49,"column":1}},"line":7}},"branchMap":{"0":{"loc":{"start":{"line":7,"column":18},"end":{"line":7,"column":30}},"type":"default-arg","locations":[{"start":{"line":7,"column":28},"end":{"line":7,"column":30}}],"line":7},"1":{"loc":{"start":{"line":7,"column":32},"end":{"line":7,"column":43}},"type":"default-arg","locations":[{"start":{"line":7,"column":41},"end":{"line":7,"column":43}}],"line":7},"2":{"loc":{"start":{"line":9,"column":4},"end":{"line":14,"column":5}},"type":"if","locations":[{"start":{"line":9,"column":4},"end":{"line":14,"column":5}},{"start":{},"end":{}}],"line":9},"3":{"loc":{"start":{"line":20,"column":4},"end":{"line":20,"column":43}},"type":"if","locations":[{"start":{"line":20,"column":4},"end":{"line":20,"column":43}},{"start":{},"end":{}}],"line":20},"4":{"loc":{"start":{"line":22,"column":4},"end":{"line":24,"column":5}},"type":"if","locations":[{"start":{"line":22,"column":4},"end":{"line":24,"column":5}},{"start":{},"end":{}}],"line":22},"5":{"loc":{"start":{"line":23,"column":8},"end":{"line":23,"column":68}},"type":"if","locations":[{"start":{"line":23,"column":8},"end":{"line":23,"column":68}},{"start":{},"end":{}}],"line":23},"6":{"loc":{"start":{"line":25,"column":19},"end":{"line":25,"column":44}},"type":"binary-expr","locations":[{"start":{"line":25,"column":19},"end":{"line":25,"column":33}},{"start":{"line":25,"column":37},"end":{"line":25,"column":44}}],"line":25},"7":{"loc":{"start":{"line":27,"column":4},"end":{"line":33,"column":5}},"type":"if","locations":[{"start":{"line":27,"column":4},"end":{"line":33,"column":5}},{"start":{},"end":{}}],"line":27},"8":{"loc":{"start":{"line":28,"column":8},"end":{"line":32,"column":9}},"type":"if","locations":[{"start":{"line":28,"column":8},"end":{"line":32,"column":9}},{"start":{},"end":{}}],"line":28},"9":{"loc":{"start":{"line":34,"column":4},"end":{"line":34,"column":98}},"type":"if","locations":[{"start":{"line":34,"column":4},"end":{"line":34,"column":98}},{"start":{},"end":{}}],"line":34},"10":{"loc":{"start":{"line":34,"column":8},"end":{"line":34,"column":71}},"type":"binary-expr","locations":[{"start":{"line":34,"column":8},"end":{"line":34,"column":40}},{"start":{"line":34,"column":44},"end":{"line":34,"column":71}}],"line":34},"11":{"loc":{"start":{"line":36,"column":4},"end":{"line":40,"column":5}},"type":"if","locations":[{"start":{"line":36,"column":4},"end":{"line":40,"column":5}},{"start":{},"end":{}}],"line":36},"12":{"loc":{"start":{"line":42,"column":4},"end":{"line":46,"column":5}},"type":"if","locations":[{"start":{"line":42,"column":4},"end":{"line":46,"column":5}},{"start":{},"end":{}}],"line":42}},"s":{"0":1,"1":0,"2":0,"3":0,"4":0,"5":0,"6":0,"7":0,"8":0,"9":0,"10":0,"11":0,"12":0,"13":0,"14":0,"15":0,"16":0,"17":0,"18":0,"19":0},"f":{"0":0},"b":{"0":[0],"1":[0],"2":[0,0],"3":[0,0],"4":[0,0],"5":[0,0],"6":[0,0],"7":[0,0],"8":[0,0],"9":[0,0],"10":[0,0],"11":[0,0],"12":[0,0]},"_coverageSchema":"1a1c01bbd47fc00a2c39e90264f33305004495a9","hash":"fe273357e9fe9678bc6718842611164d069045fc"}
,"/home/thefryingpan/Github/anniediscord/src/utils/cacheReset.js": {"path":"/home/thefryingpan/Github/anniediscord/src/utils/cacheReset.js","statementMap":{"0":{"start":{"line":6,"column":19},"end":{"line":33,"column":1}},"1":{"start":{"line":7,"column":20},"end":{"line":7,"column":24}},"2":{"start":{"line":8,"column":4},"end":{"line":26,"column":5}},"3":{"start":{"line":10,"column":12},"end":{"line":10,"column":64}},"4":{"start":{"line":11,"column":12},"end":{"line":11,"column":17}},"5":{"start":{"line":13,"column":12},"end":{"line":13,"column":62}},"6":{"start":{"line":14,"column":12},"end":{"line":14,"column":17}},"7":{"start":{"line":16,"column":12},"end":{"line":16,"column":57}},"8":{"start":{"line":17,"column":12},"end":{"line":17,"column":17}},"9":{"start":{"line":19,"column":12},"end":{"line":19,"column":62}},"10":{"start":{"line":20,"column":12},"end":{"line":20,"column":17}},"11":{"start":{"line":22,"column":12},"end":{"line":22,"column":62}},"12":{"start":{"line":23,"column":12},"end":{"line":23,"column":17}},"13":{"start":{"line":25,"column":12},"end":{"line":25,"column":17}},"14":{"start":{"line":29,"column":4},"end":{"line":29,"column":129}},"15":{"start":{"line":29,"column":86},"end":{"line":29,"column":129}},"16":{"start":{"line":31,"column":4},"end":{"line":31,"column":52}},"17":{"start":{"line":32,"column":4},"end":{"line":32,"column":108}},"18":{"start":{"line":32,"column":65},"end":{"line":32,"column":108}},"19":{"start":{"line":34,"column":0},"end":{"line":34,"column":27}}},"fnMap":{"0":{"name":"(anonymous_0)","decl":{"start":{"line":6,"column":19},"end":{"line":6,"column":20}},"loc":{"start":{"line":6,"column":65},"end":{"line":33,"column":1}},"line":6}},"branchMap":{"0":{"loc":{"start":{"line":8,"column":4},"end":{"line":26,"column":5}},"type":"switch","locations":[{"start":{"line":9,"column":8},"end":{"line":11,"column":17}},{"start":{"line":12,"column":8},"end":{"line":14,"column":17}},{"start":{"line":15,"column":8},"end":{"line":17,"column":17}},{"start":{"line":18,"column":8},"end":{"line":20,"column":17}},{"start":{"line":21,"column":8},"end":{"line":23,"column":17}},{"start":{"line":24,"column":8},"end":{"line":25,"column":17}}],"line":8},"1":{"loc":{"start":{"line":29,"column":4},"end":{"line":29,"column":129}},"type":"if","locations":[{"start":{"line":29,"column":4},"end":{"line":29,"column":129}},{"start":{},"end":{}}],"line":29},"2":{"loc":{"start":{"line":29,"column":8},"end":{"line":29,"column":84}},"type":"binary-expr","locations":[{"start":{"line":29,"column":8},"end":{"line":29,"column":25}},{"start":{"line":29,"column":29},"end":{"line":29,"column":84}}],"line":29},"3":{"loc":{"start":{"line":32,"column":4},"end":{"line":32,"column":108}},"type":"if","locations":[{"start":{"line":32,"column":4},"end":{"line":32,"column":108}},{"start":{},"end":{}}],"line":32}},"s":{"0":1,"1":0,"2":0,"3":0,"4":0,"5":0,"6":0,"7":0,"8":0,"9":0,"10":0,"11":0,"12":0,"13":0,"14":0,"15":0,"16":0,"17":0,"18":0,"19":1},"f":{"0":0},"b":{"0":[0,0,0,0,0,0],"1":[0,0],"2":[0,0],"3":[0,0]},"_coverageSchema":"1a1c01bbd47fc00a2c39e90264f33305004495a9","hash":"b34f54323d698fe31644e43724cbb6624fccb97f"}
,"/home/thefryingpan/Github/anniediscord/src/utils/errorHandler.js": {"path":"/home/thefryingpan/Github/anniediscord/src/utils/errorHandler.js","statementMap":{"0":{"start":{"line":2,"column":19},"end":{"line":127,"column":1}},"1":{"start":{"line":8,"column":4},"end":{"line":8,"column":182}},"2":{"start":{"line":8,"column":61},"end":{"line":8,"column":182}},"3":{"start":{"line":9,"column":4},"end":{"line":9,"column":91}},"4":{"start":{"line":9,"column":19},"end":{"line":9,"column":91}},"5":{"start":{"line":10,"column":4},"end":{"line":10,"column":115}},"6":{"start":{"line":10,"column":24},"end":{"line":10,"column":115}},"7":{"start":{"line":11,"column":4},"end":{"line":11,"column":107}},"8":{"start":{"line":11,"column":20},"end":{"line":11,"column":107}},"9":{"start":{"line":12,"column":4},"end":{"line":12,"column":120}},"10":{"start":{"line":12,"column":26},"end":{"line":12,"column":120}},"11":{"start":{"line":15,"column":34},"end":{"line":15,"column":50}},"12":{"start":{"line":16,"column":34},"end":{"line":16,"column":55}},"13":{"start":{"line":17,"column":34},"end":{"line":17,"column":82}},"14":{"start":{"line":20,"column":30},"end":{"line":20,"column":76}},"15":{"start":{"line":21,"column":4},"end":{"line":21,"column":57}},"16":{"start":{"line":21,"column":51},"end":{"line":21,"column":57}},"17":{"start":{"line":22,"column":26},"end":{"line":22,"column":44}},"18":{"start":{"line":23,"column":4},"end":{"line":23,"column":53}},"19":{"start":{"line":23,"column":47},"end":{"line":23,"column":53}},"20":{"start":{"line":26,"column":17},"end":{"line":26,"column":27}},"21":{"start":{"line":28,"column":37},"end":{"line":28,"column":58}},"22":{"start":{"line":29,"column":43},"end":{"line":29,"column":64}},"23":{"start":{"line":30,"column":43},"end":{"line":30,"column":64}},"24":{"start":{"line":31,"column":43},"end":{"line":31,"column":64}},"25":{"start":{"line":32,"column":26},"end":{"line":32,"column":47}},"26":{"start":{"line":34,"column":21},"end":{"line":34,"column":61}},"27":{"start":{"line":35,"column":24},"end":{"line":35,"column":45}},"28":{"start":{"line":38,"column":30},"end":{"line":48,"column":5}},"29":{"start":{"line":50,"column":4},"end":{"line":68,"column":5}},"30":{"start":{"line":51,"column":22},"end":{"line":51,"column":61}},"31":{"start":{"line":52,"column":21},"end":{"line":52,"column":53}},"32":{"start":{"line":53,"column":34},"end":{"line":53,"column":107}},"33":{"start":{"line":56,"column":8},"end":{"line":67,"column":9}},"34":{"start":{"line":70,"column":24},"end":{"line":70,"column":86}},"35":{"start":{"line":72,"column":26},"end":{"line":74,"column":5}},"36":{"start":{"line":81,"column":25},"end":{"line":102,"column":5}},"37":{"start":{"line":105,"column":30},"end":{"line":105,"column":73}},"38":{"start":{"line":109,"column":4},"end":{"line":124,"column":5}},"39":{"start":{"line":111,"column":12},"end":{"line":111,"column":93}},"40":{"start":{"line":112,"column":12},"end":{"line":112,"column":17}},"41":{"start":{"line":114,"column":12},"end":{"line":114,"column":93}},"42":{"start":{"line":115,"column":12},"end":{"line":115,"column":17}},"43":{"start":{"line":117,"column":12},"end":{"line":117,"column":93}},"44":{"start":{"line":118,"column":12},"end":{"line":118,"column":17}},"45":{"start":{"line":120,"column":12},"end":{"line":122,"column":13}},"46":{"start":{"line":121,"column":16},"end":{"line":121,"column":91}},"47":{"start":{"line":123,"column":12},"end":{"line":123,"column":17}},"48":{"start":{"line":125,"column":4},"end":{"line":125,"column":81}},"49":{"start":{"line":125,"column":29},"end":{"line":125,"column":81}},"50":{"start":{"line":126,"column":4},"end":{"line":126,"column":10}},"51":{"start":{"line":128,"column":0},"end":{"line":128,"column":27}}},"fnMap":{"0":{"name":"(anonymous_0)","decl":{"start":{"line":2,"column":19},"end":{"line":2,"column":20}},"loc":{"start":{"line":2,"column":153},"end":{"line":127,"column":1}},"line":2}},"branchMap":{"0":{"loc":{"start":{"line":8,"column":4},"end":{"line":8,"column":182}},"type":"if","locations":[{"start":{"line":8,"column":4},"end":{"line":8,"column":182}},{"start":{},"end":{}}],"line":8},"1":{"loc":{"start":{"line":9,"column":4},"end":{"line":9,"column":91}},"type":"if","locations":[{"start":{"line":9,"column":4},"end":{"line":9,"column":91}},{"start":{},"end":{}}],"line":9},"2":{"loc":{"start":{"line":10,"column":4},"end":{"line":10,"column":115}},"type":"if","locations":[{"start":{"line":10,"column":4},"end":{"line":10,"column":115}},{"start":{},"end":{}}],"line":10},"3":{"loc":{"start":{"line":11,"column":4},"end":{"line":11,"column":107}},"type":"if","locations":[{"start":{"line":11,"column":4},"end":{"line":11,"column":107}},{"start":{},"end":{}}],"line":11},"4":{"loc":{"start":{"line":12,"column":4},"end":{"line":12,"column":120}},"type":"if","locations":[{"start":{"line":12,"column":4},"end":{"line":12,"column":120}},{"start":{},"end":{}}],"line":12},"5":{"loc":{"start":{"line":21,"column":4},"end":{"line":21,"column":57}},"type":"if","locations":[{"start":{"line":21,"column":4},"end":{"line":21,"column":57}},{"start":{},"end":{}}],"line":21},"6":{"loc":{"start":{"line":23,"column":4},"end":{"line":23,"column":53}},"type":"if","locations":[{"start":{"line":23,"column":4},"end":{"line":23,"column":53}},{"start":{},"end":{}}],"line":23},"7":{"loc":{"start":{"line":50,"column":4},"end":{"line":68,"column":5}},"type":"if","locations":[{"start":{"line":50,"column":4},"end":{"line":68,"column":5}},{"start":{},"end":{}}],"line":50},"8":{"loc":{"start":{"line":53,"column":34},"end":{"line":53,"column":107}},"type":"cond-expr","locations":[{"start":{"line":53,"column":60},"end":{"line":53,"column":81}},{"start":{"line":53,"column":84},"end":{"line":53,"column":107}}],"line":53},"9":{"loc":{"start":{"line":62,"column":27},"end":{"line":62,"column":68}},"type":"cond-expr","locations":[{"start":{"line":62,"column":51},"end":{"line":62,"column":63}},{"start":{"line":62,"column":66},"end":{"line":62,"column":68}}],"line":62},"10":{"loc":{"start":{"line":70,"column":24},"end":{"line":70,"column":86}},"type":"cond-expr","locations":[{"start":{"line":70,"column":38},"end":{"line":70,"column":62}},{"start":{"line":70,"column":65},"end":{"line":70,"column":86}}],"line":70},"11":{"loc":{"start":{"line":109,"column":4},"end":{"line":124,"column":5}},"type":"switch","locations":[{"start":{"line":110,"column":8},"end":{"line":112,"column":17}},{"start":{"line":113,"column":8},"end":{"line":115,"column":17}},{"start":{"line":116,"column":8},"end":{"line":118,"column":17}},{"start":{"line":119,"column":8},"end":{"line":123,"column":17}}],"line":109},"12":{"loc":{"start":{"line":120,"column":12},"end":{"line":122,"column":13}},"type":"if","locations":[{"start":{"line":120,"column":12},"end":{"line":122,"column":13}},{"start":{},"end":{}}],"line":120},"13":{"loc":{"start":{"line":120,"column":16},"end":{"line":120,"column":70}},"type":"binary-expr","locations":[{"start":{"line":120,"column":16},"end":{"line":120,"column":27}},{"start":{"line":120,"column":31},"end":{"line":120,"column":70}}],"line":120},"14":{"loc":{"start":{"line":125,"column":4},"end":{"line":125,"column":81}},"type":"if","locations":[{"start":{"line":125,"column":4},"end":{"line":125,"column":81}},{"start":{},"end":{}}],"line":125}},"s":{"0":1,"1":0,"2":0,"3":0,"4":0,"5":0,"6":0,"7":0,"8":0,"9":0,"10":0,"11":0,"12":0,"13":0,"14":0,"15":0,"16":0,"17":0,"18":0,"19":0,"20":0,"21":0,"22":0,"23":0,"24":0,"25":0,"26":0,"27":0,"28":0,"29":0,"30":0,"31":0,"32":0,"33":0,"34":0,"35":0,"36":0,"37":0,"38":0,"39":0,"40":0,"41":0,"42":0,"43":0,"44":0,"45":0,"46":0,"47":0,"48":0,"49":0,"50":0,"51":1},"f":{"0":0},"b":{"0":[0,0],"1":[0,0],"2":[0,0],"3":[0,0],"4":[0,0],"5":[0,0],"6":[0,0],"7":[0,0],"8":[0,0],"9":[0,0],"10":[0,0],"11":[0,0,0,0],"12":[0,0],"13":[0,0],"14":[0,0]},"_coverageSchema":"1a1c01bbd47fc00a2c39e90264f33305004495a9","hash":"c1b409ffef38ea8d717a535218a68d4ea93fa9ed"}
,"/home/thefryingpan/Github/anniediscord/src/utils/errorLevels.js": {"path":"/home/thefryingpan/Github/anniediscord/src/utils/errorLevels.js","statementMap":{"0":{"start":{"line":2,"column":24},"end":{"line":7,"column":1}},"1":{"start":{"line":9,"column":0},"end":{"line":9,"column":32}}},"fnMap":{},"branchMap":{},"s":{"0":1,"1":1},"f":{},"b":{},"_coverageSchema":"1a1c01bbd47fc00a2c39e90264f33305004495a9","hash":"1d9e1464e482e70c850ac1dc0b56010fe2f7b0b4"}
,"/home/thefryingpan/Github/anniediscord/src/utils/findCommandProperties.js": {"path":"/home/thefryingpan/Github/anniediscord/src/utils/findCommandProperties.js","statementMap":{"0":{"start":{"line":8,"column":0},"end":{"line":14,"column":1}},"1":{"start":{"line":9,"column":32},"end":{"line":9,"column":57}},"2":{"start":{"line":10,"column":16},"end":{"line":11,"column":87}},"3":{"start":{"line":11,"column":43},"end":{"line":11,"column":86}},"4":{"start":{"line":12,"column":4},"end":{"line":12,"column":25}},"5":{"start":{"line":12,"column":14},"end":{"line":12,"column":25}},"6":{"start":{"line":13,"column":4},"end":{"line":13,"column":14}}},"fnMap":{"0":{"name":"findCommandProperties","decl":{"start":{"line":8,"column":26},"end":{"line":8,"column":47}},"loc":{"start":{"line":8,"column":75},"end":{"line":14,"column":1}},"line":8},"1":{"name":"(anonymous_1)","decl":{"start":{"line":11,"column":36},"end":{"line":11,"column":37}},"loc":{"start":{"line":11,"column":43},"end":{"line":11,"column":86}},"line":11}},"branchMap":{"0":{"loc":{"start":{"line":8,"column":48},"end":{"line":8,"column":57}},"type":"default-arg","locations":[{"start":{"line":8,"column":55},"end":{"line":8,"column":57}}],"line":8},"1":{"loc":{"start":{"line":8,"column":59},"end":{"line":8,"column":73}},"type":"default-arg","locations":[{"start":{"line":8,"column":71},"end":{"line":8,"column":73}}],"line":8},"2":{"loc":{"start":{"line":10,"column":16},"end":{"line":11,"column":87}},"type":"binary-expr","locations":[{"start":{"line":10,"column":16},"end":{"line":10,"column":66}},{"start":{"line":11,"column":7},"end":{"line":11,"column":87}}],"line":10},"3":{"loc":{"start":{"line":12,"column":4},"end":{"line":12,"column":25}},"type":"if","locations":[{"start":{"line":12,"column":4},"end":{"line":12,"column":25}},{"start":{},"end":{}}],"line":12}},"s":{"0":1,"1":0,"2":0,"3":0,"4":0,"5":0,"6":0},"f":{"0":0,"1":0},"b":{"0":[0],"1":[0],"2":[0,0],"3":[0,0]},"_coverageSchema":"1a1c01bbd47fc00a2c39e90264f33305004495a9","hash":"09004bd387412d08146271054d86ea89ef7e17f9"}
,"/home/thefryingpan/Github/anniediscord/src/utils/getNumberInRange.js": {"path":"/home/thefryingpan/Github/anniediscord/src/utils/getNumberInRange.js","statementMap":{"0":{"start":{"line":7,"column":23},"end":{"line":7,"column":28}},"1":{"start":{"line":8,"column":4},"end":{"line":8,"column":60}},"2":{"start":{"line":10,"column":0},"end":{"line":10,"column":33}}},"fnMap":{"0":{"name":"getNumberInRange","decl":{"start":{"line":6,"column":9},"end":{"line":6,"column":25}},"loc":{"start":{"line":6,"column":33},"end":{"line":9,"column":1}},"line":6}},"branchMap":{},"s":{"0":0,"1":0,"2":1},"f":{"0":0},"b":{},"_coverageSchema":"1a1c01bbd47fc00a2c39e90264f33305004495a9","hash":"b840340452da98fef979ff3f68942dcb1f7f168c"}
}
